<?xml version="1.0" encoding="UTF-8"?>
<!-- Generated by org.testng.reporters.JUnitReportReporter -->
<testsuite hostname="DESKTOP-GI5UTU0" failures="0" tests="1" name="com.nopcommerce.user.Level_21_ManageTestData1" time="3.697" errors="0" timestamp="17 Jul 2022 09:17:09 GMT" skipped="0">
  <testcase classname="com.nopcommerce.user.Level_21_ManageTestData1" name="TC_01_Register" time="3.697"/>
</testsuite> <!-- com.nopcommerce.user.Level_21_ManageTestData1 -->
